2023-04-25 05:47:40,797:INFO:PyCaret Supervised Module
2023-04-25 05:47:40,797:INFO:ML Usecase: classification
2023-04-25 05:47:40,797:INFO:version 2.3.10
2023-04-25 05:47:40,797:INFO:Initializing setup()
2023-04-25 05:47:40,797:INFO:setup(target=Bad91d+=1, ml_usecase=classification, available_plots={'parameter': 'Hyperparameters', 'auc': 'AUC', 'confusion_matrix': 'Confusion Matrix', 'threshold': 'Threshold', 'pr': 'Precision Recall', 'error': 'Prediction Error', 'class_report': 'Class Report', 'rfe': 'Feature Selection', 'learning': 'Learning Curve', 'manifold': 'Manifold Learning', 'calibration': 'Calibration Curve', 'vc': 'Validation Curve', 'dimension': 'Dimensions', 'feature': 'Feature Importance', 'feature_all': 'Feature Importance (All)', 'boundary': 'Decision Boundary', 'lift': 'Lift Chart', 'gain': 'Gain Chart', 'tree': 'Decision Tree', 'ks': 'KS Statistic Plot'}, train_size=0.7, test_data=None, preprocess=True, imputation_type=simple, iterative_imputation_iters=5, categorical_features=None, categorical_imputation=constant, categorical_iterative_imputer=lightgbm, ordinal_features=None, high_cardinality_features=None, high_cardinality_method=frequency, numeric_features=None, numeric_imputation=mean, numeric_iterative_imputer=lightgbm, date_features=None, ignore_features=None, normalize=False, normalize_method=zscore, transformation=False, transformation_method=yeo-johnson, handle_unknown_categorical=True, unknown_categorical_method=least_frequent, pca=False, pca_method=linear, pca_components=None, ignore_low_variance=False, combine_rare_levels=False, rare_level_threshold=0.1, bin_numeric_features=None, remove_outliers=False, outliers_threshold=0.05, remove_multicollinearity=False, multicollinearity_threshold=0.9, remove_perfect_collinearity=True, create_clusters=False, cluster_iter=20, polynomial_features=False, polynomial_degree=2, trigonometry_features=False, polynomial_threshold=0.1, group_features=None, group_names=None, feature_selection=False, feature_selection_threshold=0.8, feature_selection_method=classic, feature_interaction=False, feature_ratio=False, interaction_threshold=0.01, fix_imbalance=False, fix_imbalance_method=None, transform_target=False, transform_target_method=box-cox, data_split_shuffle=True, data_split_stratify=False, fold_strategy=stratifiedkfold, fold=10, fold_shuffle=False, fold_groups=None, n_jobs=-1, use_gpu=False, custom_pipeline=None, html=True, session_id=123, log_experiment=False, experiment_name=None, experiment_custom_tags=None, log_plots=False, log_profile=False, log_data=False, silent=False, verbose=True, profile=False, profile_kwargs=None, display=None)
2023-04-25 05:47:40,797:INFO:Checking environment
2023-04-25 05:47:40,797:INFO:python_version: 3.8.16
2023-04-25 05:47:40,797:INFO:python_build: ('default', 'Jan 17 2023 22:25:28')
2023-04-25 05:47:40,797:INFO:machine: AMD64
2023-04-25 05:47:40,797:INFO:platform: Windows-10-10.0.22598-SP0
2023-04-25 05:47:40,797:INFO:Memory: svmem(total=6434193408, available=1999187968, percent=68.9, used=4435005440, free=1999187968)
2023-04-25 05:47:40,797:INFO:Physical Core: 4
2023-04-25 05:47:40,797:INFO:Logical Core: 4
2023-04-25 05:47:40,797:INFO:Checking libraries
2023-04-25 05:47:40,797:INFO:pd==1.5.2
2023-04-25 05:47:40,797:INFO:numpy==1.20.3
2023-04-25 05:47:40,797:INFO:sklearn==0.23.2
2023-04-25 05:47:40,797:INFO:lightgbm==3.3.5
2023-04-25 05:47:40,797:WARNING:catboost not found
2023-04-25 05:47:40,985:INFO:xgboost==1.7.3
2023-04-25 05:47:40,985:INFO:mlflow==2.1.1
2023-04-25 05:47:40,985:INFO:Checking Exceptions
2023-04-25 05:47:40,985:INFO:Declaring global variables
2023-04-25 05:47:40,985:INFO:USI: b548
2023-04-25 05:47:40,985:INFO:pycaret_globals: {'pycaret_globals', 'X_test', '_internal_pipeline', 'fold_shuffle_param', 'master_model_container', 'target_param', 'logging_param', '_ml_usecase', 'X_train', 'dashboard_logger', 'y_train', '_all_models_internal', '_available_plots', 'iterative_imputation_iters_param', 'exp_name_log', 'imputation_classifier', 'y_test', 'create_model_container', 'transform_target_param', 'fix_imbalance_method_param', 'y', '_all_metrics', 'seed', 'X', 'prep_pipe', 'experiment__', 'fix_imbalance_param', 'fold_param', 'stratify_param', 'fold_generator', 'n_jobs_param', '_all_models', '_gpu_n_jobs_param', 'display_container', 'data_before_preprocess', 'fold_groups_param', 'USI', 'html_param', 'imputation_regressor', 'gpu_param', 'transform_target_method_param', 'fold_groups_param_full', 'log_plots_param'}
2023-04-25 05:47:40,985:INFO:Preparing display monitor
2023-04-25 05:47:40,985:INFO:Preparing display monitor
2023-04-25 05:47:41,001:INFO:Importing libraries
2023-04-25 05:47:41,001:INFO:Copying data for preprocessing
2023-04-25 05:47:41,017:INFO:Declaring preprocessing parameters
2023-04-25 05:47:41,032:INFO:Creating preprocessing pipeline
2023-04-25 05:47:41,079:INFO:Preprocessing pipeline created successfully
2023-04-25 05:47:41,079:ERROR:(Process Exit): setup has been interupted with user command 'quit'. setup must rerun.
2023-04-25 05:47:41,079:INFO:Creating global containers
2023-04-25 05:47:41,079:INFO:Internal pipeline: Pipeline(memory=None, steps=[('empty_step', 'passthrough')], verbose=False)
2023-04-25 05:48:00,109:WARNING:Couldn't import catboost.CatBoostClassifier
2023-04-25 05:48:00,273:WARNING:Couldn't import catboost.CatBoostClassifier
2023-04-25 05:48:00,273:INFO:Creating grid variables
2023-04-25 05:48:00,326:INFO:create_model_container: 0
2023-04-25 05:48:00,326:INFO:master_model_container: 0
2023-04-25 05:48:00,326:INFO:display_container: 1
2023-04-25 05:48:00,336:INFO:Pipeline(memory=None,
         steps=[('dtypes',
                 DataTypes_Auto_infer(categorical_features=[],
                                      display_types=True, features_todrop=[],
                                      id_columns=[],
                                      ml_usecase='classification',
                                      numerical_features=[], target='Bad91d+=1',
                                      time_features=[])),
                ('imputer',
                 Simple_Imputer(categorical_strategy='not_available',
                                fill_value_categorical=None,
                                fill_value_numerical=None,
                                numeric_st...
                ('scaling', 'passthrough'), ('P_transform', 'passthrough'),
                ('binn', 'passthrough'), ('rem_outliers', 'passthrough'),
                ('cluster_all', 'passthrough'),
                ('dummy', Dummify(target='Bad91d+=1')),
                ('fix_perfect', Remove_100(target='Bad91d+=1')),
                ('clean_names', Clean_Colum_Names()),
                ('feature_select', 'passthrough'), ('fix_multi', 'passthrough'),
                ('dfs', 'passthrough'), ('pca', 'passthrough')],
         verbose=False)
2023-04-25 05:48:00,337:INFO:setup() succesfully completed......................................
2023-04-25 05:55:52,396:INFO:Initializing compare_models()
2023-04-25 05:55:52,397:INFO:compare_models(include=None, fold=None, round=4, cross_validation=True, sort=Accuracy, n_select=1, budget_time=None, turbo=True, errors=ignore, fit_kwargs=None, groups=None, experiment_custom_tags=None, probability_threshold=None, verbose=True, display=None, exclude=None)
2023-04-25 05:55:52,398:INFO:Checking exceptions
2023-04-25 05:55:52,423:INFO:Preparing display monitor
2023-04-25 05:55:52,423:INFO:Preparing display monitor
2023-04-25 05:55:52,541:INFO:Initializing Logistic Regression
2023-04-25 05:55:52,541:INFO:Total runtime is 0.0 minutes
2023-04-25 05:55:52,561:INFO:SubProcess create_model() called ==================================
2023-04-25 05:55:52,564:INFO:Initializing create_model()
2023-04-25 05:55:52,564:INFO:create_model(estimator=lr, fold=StratifiedKFold(n_splits=10, random_state=None, shuffle=False), round=4, cross_validation=True, predict=True, fit_kwargs={}, groups=None, refit=False, verbose=False, system=False, metrics=None, experiment_custom_tags=None, add_to_model_list=True, probability_threshold=None, display=<pycaret.internal.Display.Display object at 0x000001B729663E80>, return_train_score=False, kwargs={})
2023-04-25 05:55:52,564:INFO:Checking exceptions
2023-04-25 05:55:52,565:INFO:Importing libraries
2023-04-25 05:55:52,565:INFO:Copying training dataset
2023-04-25 05:55:52,569:INFO:Defining folds
2023-04-25 05:55:52,569:INFO:Declaring metric variables
2023-04-25 05:55:52,601:INFO:Importing untrained model
2023-04-25 05:55:52,634:INFO:Logistic Regression Imported succesfully
2023-04-25 05:55:52,671:INFO:Starting cross validation
2023-04-25 05:55:52,675:INFO:Cross validating with StratifiedKFold(n_splits=10, random_state=None, shuffle=False), n_jobs=-1
2023-04-25 05:56:10,686:INFO:Calculating mean and std
2023-04-25 05:56:10,686:INFO:Creating metrics dataframe
2023-04-25 05:56:10,733:INFO:Uploading results into container
2023-04-25 05:56:10,733:INFO:Uploading model into container now
2023-04-25 05:56:10,733:INFO:create_model_container: 1
2023-04-25 05:56:10,733:INFO:master_model_container: 1
2023-04-25 05:56:10,733:INFO:display_container: 2
2023-04-25 05:56:10,733:INFO:LogisticRegression(C=1.0, class_weight=None, dual=False, fit_intercept=True,
                   intercept_scaling=1, l1_ratio=None, max_iter=1000,
                   multi_class='auto', n_jobs=None, penalty='l2',
                   random_state=123, solver='lbfgs', tol=0.0001, verbose=0,
                   warm_start=False)
2023-04-25 05:56:10,733:INFO:create_model() succesfully completed......................................
2023-04-25 05:56:11,154:INFO:SubProcess create_model() end ==================================
2023-04-25 05:56:11,155:INFO:Creating metrics dataframe
2023-04-25 05:56:11,195:INFO:Initializing K Neighbors Classifier
2023-04-25 05:56:11,195:INFO:Total runtime is 0.31090434789657595 minutes
2023-04-25 05:56:11,222:INFO:SubProcess create_model() called ==================================
2023-04-25 05:56:11,223:INFO:Initializing create_model()
2023-04-25 05:56:11,223:INFO:create_model(estimator=knn, fold=StratifiedKFold(n_splits=10, random_state=None, shuffle=False), round=4, cross_validation=True, predict=True, fit_kwargs={}, groups=None, refit=False, verbose=False, system=False, metrics=None, experiment_custom_tags=None, add_to_model_list=True, probability_threshold=None, display=<pycaret.internal.Display.Display object at 0x000001B729663E80>, return_train_score=False, kwargs={})
2023-04-25 05:56:11,224:INFO:Checking exceptions
2023-04-25 05:56:11,224:INFO:Importing libraries
2023-04-25 05:56:11,224:INFO:Copying training dataset
2023-04-25 05:56:11,229:INFO:Defining folds
2023-04-25 05:56:11,230:INFO:Declaring metric variables
2023-04-25 05:56:11,255:INFO:Importing untrained model
2023-04-25 05:56:11,284:INFO:K Neighbors Classifier Imported succesfully
2023-04-25 05:56:11,339:INFO:Starting cross validation
2023-04-25 05:56:11,340:INFO:Cross validating with StratifiedKFold(n_splits=10, random_state=None, shuffle=False), n_jobs=-1
2023-04-25 05:56:12,400:INFO:Calculating mean and std
2023-04-25 05:56:12,402:INFO:Creating metrics dataframe
2023-04-25 05:56:12,414:INFO:Uploading results into container
2023-04-25 05:56:12,415:INFO:Uploading model into container now
2023-04-25 05:56:12,415:INFO:create_model_container: 2
2023-04-25 05:56:12,415:INFO:master_model_container: 2
2023-04-25 05:56:12,415:INFO:display_container: 2
2023-04-25 05:56:12,416:INFO:KNeighborsClassifier(algorithm='auto', leaf_size=30, metric='minkowski',
                     metric_params=None, n_jobs=-1, n_neighbors=5, p=2,
                     weights='uniform')
2023-04-25 05:56:12,416:INFO:create_model() succesfully completed......................................
2023-04-25 05:56:12,548:INFO:SubProcess create_model() end ==================================
2023-04-25 05:56:12,548:INFO:Creating metrics dataframe
2023-04-25 05:56:12,579:INFO:Initializing Naive Bayes
2023-04-25 05:56:12,585:INFO:Total runtime is 0.33406757116317753 minutes
2023-04-25 05:56:12,608:INFO:SubProcess create_model() called ==================================
2023-04-25 05:56:12,609:INFO:Initializing create_model()
2023-04-25 05:56:12,610:INFO:create_model(estimator=nb, fold=StratifiedKFold(n_splits=10, random_state=None, shuffle=False), round=4, cross_validation=True, predict=True, fit_kwargs={}, groups=None, refit=False, verbose=False, system=False, metrics=None, experiment_custom_tags=None, add_to_model_list=True, probability_threshold=None, display=<pycaret.internal.Display.Display object at 0x000001B729663E80>, return_train_score=False, kwargs={})
2023-04-25 05:56:12,610:INFO:Checking exceptions
2023-04-25 05:56:12,611:INFO:Importing libraries
2023-04-25 05:56:12,611:INFO:Copying training dataset
2023-04-25 05:56:12,612:INFO:Defining folds
2023-04-25 05:56:12,615:INFO:Declaring metric variables
2023-04-25 05:56:12,639:INFO:Importing untrained model
2023-04-25 05:56:12,665:INFO:Naive Bayes Imported succesfully
2023-04-25 05:56:12,719:INFO:Starting cross validation
2023-04-25 05:56:12,720:INFO:Cross validating with StratifiedKFold(n_splits=10, random_state=None, shuffle=False), n_jobs=-1
2023-04-25 05:56:12,954:INFO:Calculating mean and std
2023-04-25 05:56:12,960:INFO:Creating metrics dataframe
2023-04-25 05:56:12,980:INFO:Uploading results into container
2023-04-25 05:56:12,982:INFO:Uploading model into container now
2023-04-25 05:56:12,982:INFO:create_model_container: 3
2023-04-25 05:56:12,983:INFO:master_model_container: 3
2023-04-25 05:56:12,983:INFO:display_container: 2
2023-04-25 05:56:12,983:INFO:GaussianNB(priors=None, var_smoothing=1e-09)
2023-04-25 05:56:12,984:INFO:create_model() succesfully completed......................................
2023-04-25 05:56:13,186:INFO:SubProcess create_model() end ==================================
2023-04-25 05:56:13,188:INFO:Creating metrics dataframe
2023-04-25 05:56:13,220:INFO:Initializing Decision Tree Classifier
2023-04-25 05:56:13,220:INFO:Total runtime is 0.3446426590283712 minutes
2023-04-25 05:56:13,260:INFO:SubProcess create_model() called ==================================
2023-04-25 05:56:13,262:INFO:Initializing create_model()
2023-04-25 05:56:13,262:INFO:create_model(estimator=dt, fold=StratifiedKFold(n_splits=10, random_state=None, shuffle=False), round=4, cross_validation=True, predict=True, fit_kwargs={}, groups=None, refit=False, verbose=False, system=False, metrics=None, experiment_custom_tags=None, add_to_model_list=True, probability_threshold=None, display=<pycaret.internal.Display.Display object at 0x000001B729663E80>, return_train_score=False, kwargs={})
2023-04-25 05:56:13,262:INFO:Checking exceptions
2023-04-25 05:56:13,263:INFO:Importing libraries
2023-04-25 05:56:13,264:INFO:Copying training dataset
2023-04-25 05:56:13,267:INFO:Defining folds
2023-04-25 05:56:13,268:INFO:Declaring metric variables
2023-04-25 05:56:13,300:INFO:Importing untrained model
2023-04-25 05:56:13,326:INFO:Decision Tree Classifier Imported succesfully
2023-04-25 05:56:13,368:INFO:Starting cross validation
2023-04-25 05:56:13,370:INFO:Cross validating with StratifiedKFold(n_splits=10, random_state=None, shuffle=False), n_jobs=-1
2023-04-25 05:56:13,520:INFO:Calculating mean and std
2023-04-25 05:56:13,520:INFO:Creating metrics dataframe
2023-04-25 05:56:13,539:INFO:Uploading results into container
2023-04-25 05:56:13,540:INFO:Uploading model into container now
2023-04-25 05:56:13,541:INFO:create_model_container: 4
2023-04-25 05:56:13,541:INFO:master_model_container: 4
2023-04-25 05:56:13,541:INFO:display_container: 2
2023-04-25 05:56:13,543:INFO:DecisionTreeClassifier(ccp_alpha=0.0, class_weight=None, criterion='gini',
                       max_depth=None, max_features=None, max_leaf_nodes=None,
                       min_impurity_decrease=0.0, min_impurity_split=None,
                       min_samples_leaf=1, min_samples_split=2,
                       min_weight_fraction_leaf=0.0, presort='deprecated',
                       random_state=123, splitter='best')
2023-04-25 05:56:13,543:INFO:create_model() succesfully completed......................................
2023-04-25 05:56:13,691:INFO:SubProcess create_model() end ==================================
2023-04-25 05:56:13,693:INFO:Creating metrics dataframe
2023-04-25 05:56:13,737:INFO:Initializing SVM - Linear Kernel
2023-04-25 05:56:13,737:INFO:Total runtime is 0.3532693147659302 minutes
2023-04-25 05:56:13,762:INFO:SubProcess create_model() called ==================================
2023-04-25 05:56:13,762:INFO:Initializing create_model()
2023-04-25 05:56:13,762:INFO:create_model(estimator=svm, fold=StratifiedKFold(n_splits=10, random_state=None, shuffle=False), round=4, cross_validation=True, predict=True, fit_kwargs={}, groups=None, refit=False, verbose=False, system=False, metrics=None, experiment_custom_tags=None, add_to_model_list=True, probability_threshold=None, display=<pycaret.internal.Display.Display object at 0x000001B729663E80>, return_train_score=False, kwargs={})
2023-04-25 05:56:13,763:INFO:Checking exceptions
2023-04-25 05:56:13,763:INFO:Importing libraries
2023-04-25 05:56:13,763:INFO:Copying training dataset
2023-04-25 05:56:13,765:INFO:Defining folds
2023-04-25 05:56:13,766:INFO:Declaring metric variables
2023-04-25 05:56:13,803:INFO:Importing untrained model
2023-04-25 05:56:13,832:INFO:SVM - Linear Kernel Imported succesfully
2023-04-25 05:56:13,883:INFO:Starting cross validation
2023-04-25 05:56:13,885:INFO:Cross validating with StratifiedKFold(n_splits=10, random_state=None, shuffle=False), n_jobs=-1
2023-04-25 05:56:14,283:INFO:Calculating mean and std
2023-04-25 05:56:14,286:INFO:Creating metrics dataframe
2023-04-25 05:56:14,297:INFO:Uploading results into container
2023-04-25 05:56:14,298:INFO:Uploading model into container now
2023-04-25 05:56:14,298:INFO:create_model_container: 5
2023-04-25 05:56:14,298:INFO:master_model_container: 5
2023-04-25 05:56:14,299:INFO:display_container: 2
2023-04-25 05:56:14,301:INFO:SGDClassifier(alpha=0.0001, average=False, class_weight=None,
              early_stopping=False, epsilon=0.1, eta0=0.001, fit_intercept=True,
              l1_ratio=0.15, learning_rate='optimal', loss='hinge',
              max_iter=1000, n_iter_no_change=5, n_jobs=-1, penalty='l2',
              power_t=0.5, random_state=123, shuffle=True, tol=0.001,
              validation_fraction=0.1, verbose=0, warm_start=False)
2023-04-25 05:56:14,301:INFO:create_model() succesfully completed......................................
2023-04-25 05:56:14,426:INFO:SubProcess create_model() end ==================================
2023-04-25 05:56:14,427:INFO:Creating metrics dataframe
2023-04-25 05:56:14,472:INFO:Initializing Ridge Classifier
2023-04-25 05:56:14,473:INFO:Total runtime is 0.36552749077479046 minutes
2023-04-25 05:56:14,492:INFO:SubProcess create_model() called ==================================
2023-04-25 05:56:14,494:INFO:Initializing create_model()
2023-04-25 05:56:14,494:INFO:create_model(estimator=ridge, fold=StratifiedKFold(n_splits=10, random_state=None, shuffle=False), round=4, cross_validation=True, predict=True, fit_kwargs={}, groups=None, refit=False, verbose=False, system=False, metrics=None, experiment_custom_tags=None, add_to_model_list=True, probability_threshold=None, display=<pycaret.internal.Display.Display object at 0x000001B729663E80>, return_train_score=False, kwargs={})
2023-04-25 05:56:14,494:INFO:Checking exceptions
2023-04-25 05:56:14,494:INFO:Importing libraries
2023-04-25 05:56:14,494:INFO:Copying training dataset
2023-04-25 05:56:14,497:INFO:Defining folds
2023-04-25 05:56:14,498:INFO:Declaring metric variables
2023-04-25 05:56:14,519:INFO:Importing untrained model
2023-04-25 05:56:14,551:INFO:Ridge Classifier Imported succesfully
2023-04-25 05:56:14,593:INFO:Starting cross validation
2023-04-25 05:56:14,595:INFO:Cross validating with StratifiedKFold(n_splits=10, random_state=None, shuffle=False), n_jobs=-1
2023-04-25 05:56:14,907:INFO:Calculating mean and std
2023-04-25 05:56:14,911:INFO:Creating metrics dataframe
2023-04-25 05:56:14,919:INFO:Uploading results into container
2023-04-25 05:56:14,920:INFO:Uploading model into container now
2023-04-25 05:56:14,920:INFO:create_model_container: 6
2023-04-25 05:56:14,921:INFO:master_model_container: 6
2023-04-25 05:56:14,921:INFO:display_container: 2
2023-04-25 05:56:14,921:INFO:RidgeClassifier(alpha=1.0, class_weight=None, copy_X=True, fit_intercept=True,
                max_iter=None, normalize=False, random_state=123, solver='auto',
                tol=0.001)
2023-04-25 05:56:14,922:INFO:create_model() succesfully completed......................................
2023-04-25 05:56:15,135:INFO:SubProcess create_model() end ==================================
2023-04-25 05:56:15,135:INFO:Creating metrics dataframe
2023-04-25 05:56:15,256:INFO:Initializing Random Forest Classifier
2023-04-25 05:56:15,257:INFO:Total runtime is 0.37859408855438237 minutes
2023-04-25 05:56:15,279:INFO:SubProcess create_model() called ==================================
2023-04-25 05:56:15,280:INFO:Initializing create_model()
2023-04-25 05:56:15,280:INFO:create_model(estimator=rf, fold=StratifiedKFold(n_splits=10, random_state=None, shuffle=False), round=4, cross_validation=True, predict=True, fit_kwargs={}, groups=None, refit=False, verbose=False, system=False, metrics=None, experiment_custom_tags=None, add_to_model_list=True, probability_threshold=None, display=<pycaret.internal.Display.Display object at 0x000001B729663E80>, return_train_score=False, kwargs={})
2023-04-25 05:56:15,281:INFO:Checking exceptions
2023-04-25 05:56:15,281:INFO:Importing libraries
2023-04-25 05:56:15,281:INFO:Copying training dataset
2023-04-25 05:56:15,284:INFO:Defining folds
2023-04-25 05:56:15,286:INFO:Declaring metric variables
2023-04-25 05:56:15,326:INFO:Importing untrained model
2023-04-25 05:56:15,357:INFO:Random Forest Classifier Imported succesfully
2023-04-25 05:56:15,401:INFO:Starting cross validation
2023-04-25 05:56:15,403:INFO:Cross validating with StratifiedKFold(n_splits=10, random_state=None, shuffle=False), n_jobs=-1
2023-04-25 05:56:19,320:INFO:Calculating mean and std
2023-04-25 05:56:19,324:INFO:Creating metrics dataframe
2023-04-25 05:56:19,343:INFO:Uploading results into container
2023-04-25 05:56:19,343:INFO:Uploading model into container now
2023-04-25 05:56:19,344:INFO:create_model_container: 7
2023-04-25 05:56:19,345:INFO:master_model_container: 7
2023-04-25 05:56:19,346:INFO:display_container: 2
2023-04-25 05:56:19,347:INFO:RandomForestClassifier(bootstrap=True, ccp_alpha=0.0, class_weight=None,
                       criterion='gini', max_depth=None, max_features='auto',
                       max_leaf_nodes=None, max_samples=None,
                       min_impurity_decrease=0.0, min_impurity_split=None,
                       min_samples_leaf=1, min_samples_split=2,
                       min_weight_fraction_leaf=0.0, n_estimators=100,
                       n_jobs=-1, oob_score=False, random_state=123, verbose=0,
                       warm_start=False)
2023-04-25 05:56:19,347:INFO:create_model() succesfully completed......................................
2023-04-25 05:56:19,471:INFO:SubProcess create_model() end ==================================
2023-04-25 05:56:19,471:INFO:Creating metrics dataframe
2023-04-25 05:56:19,502:INFO:Initializing Quadratic Discriminant Analysis
2023-04-25 05:56:19,502:INFO:Total runtime is 0.4493500828742981 minutes
2023-04-25 05:56:19,526:INFO:SubProcess create_model() called ==================================
2023-04-25 05:56:19,527:INFO:Initializing create_model()
2023-04-25 05:56:19,528:INFO:create_model(estimator=qda, fold=StratifiedKFold(n_splits=10, random_state=None, shuffle=False), round=4, cross_validation=True, predict=True, fit_kwargs={}, groups=None, refit=False, verbose=False, system=False, metrics=None, experiment_custom_tags=None, add_to_model_list=True, probability_threshold=None, display=<pycaret.internal.Display.Display object at 0x000001B729663E80>, return_train_score=False, kwargs={})
2023-04-25 05:56:19,528:INFO:Checking exceptions
2023-04-25 05:56:19,529:INFO:Importing libraries
2023-04-25 05:56:19,529:INFO:Copying training dataset
2023-04-25 05:56:19,532:INFO:Defining folds
2023-04-25 05:56:19,532:INFO:Declaring metric variables
2023-04-25 05:56:19,550:INFO:Importing untrained model
2023-04-25 05:56:19,570:INFO:Quadratic Discriminant Analysis Imported succesfully
2023-04-25 05:56:19,611:INFO:Starting cross validation
2023-04-25 05:56:19,614:INFO:Cross validating with StratifiedKFold(n_splits=10, random_state=None, shuffle=False), n_jobs=-1
2023-04-25 05:56:19,814:INFO:Calculating mean and std
2023-04-25 05:56:19,814:INFO:Creating metrics dataframe
2023-04-25 05:56:19,833:INFO:Uploading results into container
2023-04-25 05:56:19,833:INFO:Uploading model into container now
2023-04-25 05:56:19,833:INFO:create_model_container: 8
2023-04-25 05:56:19,833:INFO:master_model_container: 8
2023-04-25 05:56:19,833:INFO:display_container: 2
2023-04-25 05:56:19,833:INFO:QuadraticDiscriminantAnalysis(priors=None, reg_param=0.0,
                              store_covariance=False, tol=0.0001)
2023-04-25 05:56:19,833:INFO:create_model() succesfully completed......................................
2023-04-25 05:56:19,947:INFO:SubProcess create_model() end ==================================
2023-04-25 05:56:19,947:INFO:Creating metrics dataframe
2023-04-25 05:56:20,009:INFO:Initializing Ada Boost Classifier
2023-04-25 05:56:20,010:INFO:Total runtime is 0.45781955321629847 minutes
2023-04-25 05:56:20,030:INFO:SubProcess create_model() called ==================================
2023-04-25 05:56:20,031:INFO:Initializing create_model()
2023-04-25 05:56:20,031:INFO:create_model(estimator=ada, fold=StratifiedKFold(n_splits=10, random_state=None, shuffle=False), round=4, cross_validation=True, predict=True, fit_kwargs={}, groups=None, refit=False, verbose=False, system=False, metrics=None, experiment_custom_tags=None, add_to_model_list=True, probability_threshold=None, display=<pycaret.internal.Display.Display object at 0x000001B729663E80>, return_train_score=False, kwargs={})
2023-04-25 05:56:20,031:INFO:Checking exceptions
2023-04-25 05:56:20,031:INFO:Importing libraries
2023-04-25 05:56:20,032:INFO:Copying training dataset
2023-04-25 05:56:20,034:INFO:Defining folds
2023-04-25 05:56:20,035:INFO:Declaring metric variables
2023-04-25 05:56:20,057:INFO:Importing untrained model
2023-04-25 05:56:20,078:INFO:Ada Boost Classifier Imported succesfully
2023-04-25 05:56:20,121:INFO:Starting cross validation
2023-04-25 05:56:20,123:INFO:Cross validating with StratifiedKFold(n_splits=10, random_state=None, shuffle=False), n_jobs=-1
2023-04-25 05:56:21,440:INFO:Calculating mean and std
2023-04-25 05:56:21,440:INFO:Creating metrics dataframe
2023-04-25 05:56:21,455:INFO:Uploading results into container
2023-04-25 05:56:21,455:INFO:Uploading model into container now
2023-04-25 05:56:21,455:INFO:create_model_container: 9
2023-04-25 05:56:21,455:INFO:master_model_container: 9
2023-04-25 05:56:21,455:INFO:display_container: 2
2023-04-25 05:56:21,455:INFO:AdaBoostClassifier(algorithm='SAMME.R', base_estimator=None, learning_rate=1.0,
                   n_estimators=50, random_state=123)
2023-04-25 05:56:21,455:INFO:create_model() succesfully completed......................................
2023-04-25 05:56:21,568:INFO:SubProcess create_model() end ==================================
2023-04-25 05:56:21,568:INFO:Creating metrics dataframe
2023-04-25 05:56:21,607:INFO:Initializing Gradient Boosting Classifier
2023-04-25 05:56:21,607:INFO:Total runtime is 0.48443577686945605 minutes
2023-04-25 05:56:21,630:INFO:SubProcess create_model() called ==================================
2023-04-25 05:56:21,630:INFO:Initializing create_model()
2023-04-25 05:56:21,631:INFO:create_model(estimator=gbc, fold=StratifiedKFold(n_splits=10, random_state=None, shuffle=False), round=4, cross_validation=True, predict=True, fit_kwargs={}, groups=None, refit=False, verbose=False, system=False, metrics=None, experiment_custom_tags=None, add_to_model_list=True, probability_threshold=None, display=<pycaret.internal.Display.Display object at 0x000001B729663E80>, return_train_score=False, kwargs={})
2023-04-25 05:56:21,631:INFO:Checking exceptions
2023-04-25 05:56:21,631:INFO:Importing libraries
2023-04-25 05:56:21,631:INFO:Copying training dataset
2023-04-25 05:56:21,633:INFO:Defining folds
2023-04-25 05:56:21,634:INFO:Declaring metric variables
2023-04-25 05:56:21,656:INFO:Importing untrained model
2023-04-25 05:56:21,672:INFO:Gradient Boosting Classifier Imported succesfully
2023-04-25 05:56:21,706:INFO:Starting cross validation
2023-04-25 05:56:21,708:INFO:Cross validating with StratifiedKFold(n_splits=10, random_state=None, shuffle=False), n_jobs=-1
2023-04-25 05:56:23,923:INFO:Calculating mean and std
2023-04-25 05:56:23,923:INFO:Creating metrics dataframe
2023-04-25 05:56:23,934:INFO:Uploading results into container
2023-04-25 05:56:23,935:INFO:Uploading model into container now
2023-04-25 05:56:23,935:INFO:create_model_container: 10
2023-04-25 05:56:23,935:INFO:master_model_container: 10
2023-04-25 05:56:23,935:INFO:display_container: 2
2023-04-25 05:56:23,936:INFO:GradientBoostingClassifier(ccp_alpha=0.0, criterion='friedman_mse', init=None,
                           learning_rate=0.1, loss='deviance', max_depth=3,
                           max_features=None, max_leaf_nodes=None,
                           min_impurity_decrease=0.0, min_impurity_split=None,
                           min_samples_leaf=1, min_samples_split=2,
                           min_weight_fraction_leaf=0.0, n_estimators=100,
                           n_iter_no_change=None, presort='deprecated',
                           random_state=123, subsample=1.0, tol=0.0001,
                           validation_fraction=0.1, verbose=0,
                           warm_start=False)
2023-04-25 05:56:23,937:INFO:create_model() succesfully completed......................................
2023-04-25 05:56:24,033:INFO:SubProcess create_model() end ==================================
2023-04-25 05:56:24,042:INFO:Creating metrics dataframe
2023-04-25 05:56:24,068:INFO:Initializing Linear Discriminant Analysis
2023-04-25 05:56:24,068:INFO:Total runtime is 0.5254488587379457 minutes
2023-04-25 05:56:24,085:INFO:SubProcess create_model() called ==================================
2023-04-25 05:56:24,086:INFO:Initializing create_model()
2023-04-25 05:56:24,086:INFO:create_model(estimator=lda, fold=StratifiedKFold(n_splits=10, random_state=None, shuffle=False), round=4, cross_validation=True, predict=True, fit_kwargs={}, groups=None, refit=False, verbose=False, system=False, metrics=None, experiment_custom_tags=None, add_to_model_list=True, probability_threshold=None, display=<pycaret.internal.Display.Display object at 0x000001B729663E80>, return_train_score=False, kwargs={})
2023-04-25 05:56:24,086:INFO:Checking exceptions
2023-04-25 05:56:24,087:INFO:Importing libraries
2023-04-25 05:56:24,087:INFO:Copying training dataset
2023-04-25 05:56:24,089:INFO:Defining folds
2023-04-25 05:56:24,089:INFO:Declaring metric variables
2023-04-25 05:56:24,106:INFO:Importing untrained model
2023-04-25 05:56:24,124:INFO:Linear Discriminant Analysis Imported succesfully
2023-04-25 05:56:24,157:INFO:Starting cross validation
2023-04-25 05:56:24,159:INFO:Cross validating with StratifiedKFold(n_splits=10, random_state=None, shuffle=False), n_jobs=-1
2023-04-25 05:56:24,377:INFO:Calculating mean and std
2023-04-25 05:56:24,377:INFO:Creating metrics dataframe
2023-04-25 05:56:24,389:INFO:Uploading results into container
2023-04-25 05:56:24,389:INFO:Uploading model into container now
2023-04-25 05:56:24,389:INFO:create_model_container: 11
2023-04-25 05:56:24,389:INFO:master_model_container: 11
2023-04-25 05:56:24,390:INFO:display_container: 2
2023-04-25 05:56:24,390:INFO:LinearDiscriminantAnalysis(n_components=None, priors=None, shrinkage=None,
                           solver='svd', store_covariance=False, tol=0.0001)
2023-04-25 05:56:24,390:INFO:create_model() succesfully completed......................................
2023-04-25 05:56:24,470:INFO:SubProcess create_model() end ==================================
2023-04-25 05:56:24,470:INFO:Creating metrics dataframe
2023-04-25 05:56:24,501:INFO:Initializing Extra Trees Classifier
2023-04-25 05:56:24,501:INFO:Total runtime is 0.5326735893885296 minutes
2023-04-25 05:56:24,522:INFO:SubProcess create_model() called ==================================
2023-04-25 05:56:24,523:INFO:Initializing create_model()
2023-04-25 05:56:24,523:INFO:create_model(estimator=et, fold=StratifiedKFold(n_splits=10, random_state=None, shuffle=False), round=4, cross_validation=True, predict=True, fit_kwargs={}, groups=None, refit=False, verbose=False, system=False, metrics=None, experiment_custom_tags=None, add_to_model_list=True, probability_threshold=None, display=<pycaret.internal.Display.Display object at 0x000001B729663E80>, return_train_score=False, kwargs={})
2023-04-25 05:56:24,523:INFO:Checking exceptions
2023-04-25 05:56:24,523:INFO:Importing libraries
2023-04-25 05:56:24,523:INFO:Copying training dataset
2023-04-25 05:56:24,525:INFO:Defining folds
2023-04-25 05:56:24,525:INFO:Declaring metric variables
2023-04-25 05:56:24,549:INFO:Importing untrained model
2023-04-25 05:56:24,563:INFO:Extra Trees Classifier Imported succesfully
2023-04-25 05:56:24,591:INFO:Starting cross validation
2023-04-25 05:56:24,593:INFO:Cross validating with StratifiedKFold(n_splits=10, random_state=None, shuffle=False), n_jobs=-1
2023-04-25 05:56:26,628:INFO:Calculating mean and std
2023-04-25 05:56:26,631:INFO:Creating metrics dataframe
2023-04-25 05:56:26,641:INFO:Uploading results into container
2023-04-25 05:56:26,642:INFO:Uploading model into container now
2023-04-25 05:56:26,642:INFO:create_model_container: 12
2023-04-25 05:56:26,642:INFO:master_model_container: 12
2023-04-25 05:56:26,642:INFO:display_container: 2
2023-04-25 05:56:26,643:INFO:ExtraTreesClassifier(bootstrap=False, ccp_alpha=0.0, class_weight=None,
                     criterion='gini', max_depth=None, max_features='auto',
                     max_leaf_nodes=None, max_samples=None,
                     min_impurity_decrease=0.0, min_impurity_split=None,
                     min_samples_leaf=1, min_samples_split=2,
                     min_weight_fraction_leaf=0.0, n_estimators=100, n_jobs=-1,
                     oob_score=False, random_state=123, verbose=0,
                     warm_start=False)
2023-04-25 05:56:26,643:INFO:create_model() succesfully completed......................................
2023-04-25 05:56:26,743:INFO:SubProcess create_model() end ==================================
2023-04-25 05:56:26,743:INFO:Creating metrics dataframe
2023-04-25 05:56:26,776:INFO:Initializing Extreme Gradient Boosting
2023-04-25 05:56:26,777:INFO:Total runtime is 0.5705969015757244 minutes
2023-04-25 05:56:26,794:INFO:SubProcess create_model() called ==================================
2023-04-25 05:56:26,795:INFO:Initializing create_model()
2023-04-25 05:56:26,795:INFO:create_model(estimator=xgboost, fold=StratifiedKFold(n_splits=10, random_state=None, shuffle=False), round=4, cross_validation=True, predict=True, fit_kwargs={}, groups=None, refit=False, verbose=False, system=False, metrics=None, experiment_custom_tags=None, add_to_model_list=True, probability_threshold=None, display=<pycaret.internal.Display.Display object at 0x000001B729663E80>, return_train_score=False, kwargs={})
2023-04-25 05:56:26,795:INFO:Checking exceptions
2023-04-25 05:56:26,795:INFO:Importing libraries
2023-04-25 05:56:26,795:INFO:Copying training dataset
2023-04-25 05:56:26,797:INFO:Defining folds
2023-04-25 05:56:26,798:INFO:Declaring metric variables
2023-04-25 05:56:26,814:INFO:Importing untrained model
2023-04-25 05:56:26,831:INFO:Extreme Gradient Boosting Imported succesfully
2023-04-25 05:56:26,866:INFO:Starting cross validation
2023-04-25 05:56:26,870:INFO:Cross validating with StratifiedKFold(n_splits=10, random_state=None, shuffle=False), n_jobs=-1
2023-04-25 05:56:29,870:INFO:Calculating mean and std
2023-04-25 05:56:29,872:INFO:Creating metrics dataframe
2023-04-25 05:56:29,882:INFO:Uploading results into container
2023-04-25 05:56:29,882:INFO:Uploading model into container now
2023-04-25 05:56:29,882:INFO:create_model_container: 13
2023-04-25 05:56:29,882:INFO:master_model_container: 13
2023-04-25 05:56:29,882:INFO:display_container: 2
2023-04-25 05:56:29,884:INFO:XGBClassifier(base_score=None, booster='gbtree', callbacks=None,
              colsample_bylevel=None, colsample_bynode=None,
              colsample_bytree=None, early_stopping_rounds=None,
              enable_categorical=False, eval_metric=None, feature_types=None,
              gamma=None, gpu_id=None, grow_policy=None, importance_type=None,
              interaction_constraints=None, learning_rate=None, max_bin=None,
              max_cat_threshold=None, max_cat_to_onehot=None,
              max_delta_step=None, max_depth=None, max_leaves=None,
              min_child_weight=None, missing=nan, monotone_constraints=None,
              n_estimators=100, n_jobs=-1, num_parallel_tree=None,
              objective='binary:logistic', predictor=None, ...)
2023-04-25 05:56:29,885:INFO:create_model() succesfully completed......................................
2023-04-25 05:56:29,993:INFO:SubProcess create_model() end ==================================
2023-04-25 05:56:29,993:INFO:Creating metrics dataframe
2023-04-25 05:56:30,015:INFO:Initializing Light Gradient Boosting Machine
2023-04-25 05:56:30,016:INFO:Total runtime is 0.6245871702829998 minutes
2023-04-25 05:56:30,033:INFO:SubProcess create_model() called ==================================
2023-04-25 05:56:30,034:INFO:Initializing create_model()
2023-04-25 05:56:30,034:INFO:create_model(estimator=lightgbm, fold=StratifiedKFold(n_splits=10, random_state=None, shuffle=False), round=4, cross_validation=True, predict=True, fit_kwargs={}, groups=None, refit=False, verbose=False, system=False, metrics=None, experiment_custom_tags=None, add_to_model_list=True, probability_threshold=None, display=<pycaret.internal.Display.Display object at 0x000001B729663E80>, return_train_score=False, kwargs={})
2023-04-25 05:56:30,034:INFO:Checking exceptions
2023-04-25 05:56:30,035:INFO:Importing libraries
2023-04-25 05:56:30,035:INFO:Copying training dataset
2023-04-25 05:56:30,036:INFO:Defining folds
2023-04-25 05:56:30,037:INFO:Declaring metric variables
2023-04-25 05:56:30,052:INFO:Importing untrained model
2023-04-25 05:56:30,064:INFO:Light Gradient Boosting Machine Imported succesfully
2023-04-25 05:56:30,094:INFO:Starting cross validation
2023-04-25 05:56:30,096:INFO:Cross validating with StratifiedKFold(n_splits=10, random_state=None, shuffle=False), n_jobs=-1
2023-04-25 05:56:31,037:INFO:Calculating mean and std
2023-04-25 05:56:31,038:INFO:Creating metrics dataframe
2023-04-25 05:56:31,044:INFO:Uploading results into container
2023-04-25 05:56:31,045:INFO:Uploading model into container now
2023-04-25 05:56:31,045:INFO:create_model_container: 14
2023-04-25 05:56:31,045:INFO:master_model_container: 14
2023-04-25 05:56:31,045:INFO:display_container: 2
2023-04-25 05:56:31,046:INFO:LGBMClassifier(boosting_type='gbdt', class_weight=None, colsample_bytree=1.0,
               importance_type='split', learning_rate=0.1, max_depth=-1,
               min_child_samples=20, min_child_weight=0.001, min_split_gain=0.0,
               n_estimators=100, n_jobs=-1, num_leaves=31, objective=None,
               random_state=123, reg_alpha=0.0, reg_lambda=0.0, silent='warn',
               subsample=1.0, subsample_for_bin=200000, subsample_freq=0)
2023-04-25 05:56:31,046:INFO:create_model() succesfully completed......................................
2023-04-25 05:56:31,120:INFO:SubProcess create_model() end ==================================
2023-04-25 05:56:31,121:INFO:Creating metrics dataframe
2023-04-25 05:56:31,144:INFO:Initializing Dummy Classifier
2023-04-25 05:56:31,145:INFO:Total runtime is 0.6433930357297263 minutes
2023-04-25 05:56:31,156:INFO:SubProcess create_model() called ==================================
2023-04-25 05:56:31,156:INFO:Initializing create_model()
2023-04-25 05:56:31,157:INFO:create_model(estimator=dummy, fold=StratifiedKFold(n_splits=10, random_state=None, shuffle=False), round=4, cross_validation=True, predict=True, fit_kwargs={}, groups=None, refit=False, verbose=False, system=False, metrics=None, experiment_custom_tags=None, add_to_model_list=True, probability_threshold=None, display=<pycaret.internal.Display.Display object at 0x000001B729663E80>, return_train_score=False, kwargs={})
2023-04-25 05:56:31,157:INFO:Checking exceptions
2023-04-25 05:56:31,157:INFO:Importing libraries
2023-04-25 05:56:31,157:INFO:Copying training dataset
2023-04-25 05:56:31,159:INFO:Defining folds
2023-04-25 05:56:31,159:INFO:Declaring metric variables
2023-04-25 05:56:31,170:INFO:Importing untrained model
2023-04-25 05:56:31,187:INFO:Dummy Classifier Imported succesfully
2023-04-25 05:56:31,226:INFO:Starting cross validation
2023-04-25 05:56:31,227:INFO:Cross validating with StratifiedKFold(n_splits=10, random_state=None, shuffle=False), n_jobs=-1
2023-04-25 05:56:31,287:INFO:Calculating mean and std
2023-04-25 05:56:31,288:INFO:Creating metrics dataframe
2023-04-25 05:56:31,300:INFO:Uploading results into container
2023-04-25 05:56:31,300:INFO:Uploading model into container now
2023-04-25 05:56:31,300:INFO:create_model_container: 15
2023-04-25 05:56:31,301:INFO:master_model_container: 15
2023-04-25 05:56:31,301:INFO:display_container: 2
2023-04-25 05:56:31,301:INFO:DummyClassifier(constant=None, random_state=123, strategy='prior')
2023-04-25 05:56:31,301:INFO:create_model() succesfully completed......................................
2023-04-25 05:56:31,375:INFO:SubProcess create_model() end ==================================
2023-04-25 05:56:31,375:INFO:Creating metrics dataframe
2023-04-25 05:56:31,425:INFO:Initializing create_model()
2023-04-25 05:56:31,426:INFO:create_model(estimator=XGBClassifier(base_score=None, booster='gbtree', callbacks=None,
              colsample_bylevel=None, colsample_bynode=None,
              colsample_bytree=None, early_stopping_rounds=None,
              enable_categorical=False, eval_metric=None, feature_types=None,
              gamma=None, gpu_id=None, grow_policy=None, importance_type=None,
              interaction_constraints=None, learning_rate=None, max_bin=None,
              max_cat_threshold=None, max_cat_to_onehot=None,
              max_delta_step=None, max_depth=None, max_leaves=None,
              min_child_weight=None, missing=nan, monotone_constraints=None,
              n_estimators=100, n_jobs=-1, num_parallel_tree=None,
              objective='binary:logistic', predictor=None, ...), fold=StratifiedKFold(n_splits=10, random_state=None, shuffle=False), round=4, cross_validation=False, predict=False, fit_kwargs={}, groups=None, refit=True, verbose=False, system=False, metrics=None, experiment_custom_tags=None, add_to_model_list=True, probability_threshold=None, display=None, return_train_score=False, kwargs={})
2023-04-25 05:56:31,426:INFO:Checking exceptions
2023-04-25 05:56:31,427:INFO:Importing libraries
2023-04-25 05:56:31,427:INFO:Copying training dataset
2023-04-25 05:56:31,430:INFO:Defining folds
2023-04-25 05:56:31,430:INFO:Declaring metric variables
2023-04-25 05:56:31,430:INFO:Importing untrained model
2023-04-25 05:56:31,430:INFO:Declaring custom model
2023-04-25 05:56:31,434:INFO:Extreme Gradient Boosting Imported succesfully
2023-04-25 05:56:31,436:INFO:Cross validation set to False
2023-04-25 05:56:31,437:INFO:Fitting Model
2023-04-25 05:56:32,330:INFO:XGBClassifier(base_score=None, booster='gbtree', callbacks=None,
              colsample_bylevel=None, colsample_bynode=None,
              colsample_bytree=None, early_stopping_rounds=None,
              enable_categorical=False, eval_metric=None, feature_types=None,
              gamma=None, gpu_id=None, grow_policy=None, importance_type=None,
              interaction_constraints=None, learning_rate=None, max_bin=None,
              max_cat_threshold=None, max_cat_to_onehot=None,
              max_delta_step=None, max_depth=None, max_leaves=None,
              min_child_weight=None, missing=nan, monotone_constraints=None,
              n_estimators=100, n_jobs=-1, num_parallel_tree=None,
              objective='binary:logistic', predictor=None, ...)
2023-04-25 05:56:32,330:INFO:create_models() succesfully completed......................................
2023-04-25 05:56:32,470:INFO:create_model_container: 15
2023-04-25 05:56:32,470:INFO:master_model_container: 15
2023-04-25 05:56:32,470:INFO:display_container: 2
2023-04-25 05:56:32,472:INFO:XGBClassifier(base_score=None, booster='gbtree', callbacks=None,
              colsample_bylevel=None, colsample_bynode=None,
              colsample_bytree=None, early_stopping_rounds=None,
              enable_categorical=False, eval_metric=None, feature_types=None,
              gamma=None, gpu_id=None, grow_policy=None, importance_type=None,
              interaction_constraints=None, learning_rate=None, max_bin=None,
              max_cat_threshold=None, max_cat_to_onehot=None,
              max_delta_step=None, max_depth=None, max_leaves=None,
              min_child_weight=None, missing=nan, monotone_constraints=None,
              n_estimators=100, n_jobs=-1, num_parallel_tree=None,
              objective='binary:logistic', predictor=None, ...)
2023-04-25 05:56:32,472:INFO:compare_models() succesfully completed......................................
2023-04-25 06:07:09,373:INFO:Initializing create_model()
2023-04-25 06:07:09,375:INFO:create_model(estimator=gbc, fold=None, round=4, cross_validation=True, predict=True, fit_kwargs=None, groups=None, refit=True, verbose=True, system=True, metrics=None, experiment_custom_tags=None, add_to_model_list=True, probability_threshold=None, display=None, return_train_score=False, kwargs={})
2023-04-25 06:07:09,375:INFO:Checking exceptions
2023-04-25 06:07:09,376:INFO:Preparing display monitor
2023-04-25 06:07:09,436:INFO:Importing libraries
2023-04-25 06:07:09,437:INFO:Copying training dataset
2023-04-25 06:07:09,441:INFO:Defining folds
2023-04-25 06:07:09,441:INFO:Declaring metric variables
2023-04-25 06:07:09,463:INFO:Importing untrained model
2023-04-25 06:07:09,480:INFO:Gradient Boosting Classifier Imported succesfully
2023-04-25 06:07:09,512:INFO:Starting cross validation
2023-04-25 06:07:09,514:INFO:Cross validating with StratifiedKFold(n_splits=10, random_state=None, shuffle=False), n_jobs=-1
2023-04-25 06:07:16,626:INFO:Calculating mean and std
2023-04-25 06:07:16,626:INFO:Creating metrics dataframe
2023-04-25 06:07:16,658:INFO:Finalizing model
2023-04-25 06:07:17,189:INFO:Uploading results into container
2023-04-25 06:07:17,189:INFO:Uploading model into container now
2023-04-25 06:07:17,212:INFO:create_model_container: 16
2023-04-25 06:07:17,213:INFO:master_model_container: 16
2023-04-25 06:07:17,213:INFO:display_container: 3
2023-04-25 06:07:17,214:INFO:GradientBoostingClassifier(ccp_alpha=0.0, criterion='friedman_mse', init=None,
                           learning_rate=0.1, loss='deviance', max_depth=3,
                           max_features=None, max_leaf_nodes=None,
                           min_impurity_decrease=0.0, min_impurity_split=None,
                           min_samples_leaf=1, min_samples_split=2,
                           min_weight_fraction_leaf=0.0, n_estimators=100,
                           n_iter_no_change=None, presort='deprecated',
                           random_state=123, subsample=1.0, tol=0.0001,
                           validation_fraction=0.1, verbose=0,
                           warm_start=False)
2023-04-25 06:07:17,214:INFO:create_model() succesfully completed......................................
2023-04-25 06:09:12,011:INFO:Initializing create_model()
2023-04-25 06:09:12,012:INFO:create_model(estimator=xgboost, fold=None, round=4, cross_validation=True, predict=True, fit_kwargs=None, groups=None, refit=True, verbose=True, system=True, metrics=None, experiment_custom_tags=None, add_to_model_list=True, probability_threshold=None, display=None, return_train_score=False, kwargs={})
2023-04-25 06:09:12,013:INFO:Checking exceptions
2023-04-25 06:09:12,015:INFO:Preparing display monitor
2023-04-25 06:09:12,076:INFO:Importing libraries
2023-04-25 06:09:12,077:INFO:Copying training dataset
2023-04-25 06:09:12,086:INFO:Defining folds
2023-04-25 06:09:12,087:INFO:Declaring metric variables
2023-04-25 06:09:12,107:INFO:Importing untrained model
2023-04-25 06:09:12,135:INFO:Extreme Gradient Boosting Imported succesfully
2023-04-25 06:09:12,177:INFO:Starting cross validation
2023-04-25 06:09:12,183:INFO:Cross validating with StratifiedKFold(n_splits=10, random_state=None, shuffle=False), n_jobs=-1
2023-04-25 06:09:14,648:INFO:Calculating mean and std
2023-04-25 06:09:14,650:INFO:Creating metrics dataframe
2023-04-25 06:09:14,672:INFO:Finalizing model
2023-04-25 06:09:15,065:INFO:Uploading results into container
2023-04-25 06:09:15,065:INFO:Uploading model into container now
2023-04-25 06:09:15,097:INFO:create_model_container: 17
2023-04-25 06:09:15,098:INFO:master_model_container: 17
2023-04-25 06:09:15,098:INFO:display_container: 4
2023-04-25 06:09:15,100:INFO:XGBClassifier(base_score=None, booster='gbtree', callbacks=None,
              colsample_bylevel=None, colsample_bynode=None,
              colsample_bytree=None, early_stopping_rounds=None,
              enable_categorical=False, eval_metric=None, feature_types=None,
              gamma=None, gpu_id=None, grow_policy=None, importance_type=None,
              interaction_constraints=None, learning_rate=None, max_bin=None,
              max_cat_threshold=None, max_cat_to_onehot=None,
              max_delta_step=None, max_depth=None, max_leaves=None,
              min_child_weight=None, missing=nan, monotone_constraints=None,
              n_estimators=100, n_jobs=-1, num_parallel_tree=None,
              objective='binary:logistic', predictor=None, ...)
2023-04-25 06:09:15,100:INFO:create_model() succesfully completed......................................
2023-04-25 06:17:51,403:INFO:Initializing tune_model()
2023-04-25 06:17:51,405:INFO:tune_model(estimator=XGBClassifier(base_score=None, booster='gbtree', callbacks=None,
              colsample_bylevel=None, colsample_bynode=None,
              colsample_bytree=None, early_stopping_rounds=None,
              enable_categorical=False, eval_metric=None, feature_types=None,
              gamma=None, gpu_id=None, grow_policy=None, importance_type=None,
              interaction_constraints=None, learning_rate=None, max_bin=None,
              max_cat_threshold=None, max_cat_to_onehot=None,
              max_delta_step=None, max_depth=None, max_leaves=None,
              min_child_weight=None, missing=nan, monotone_constraints=None,
              n_estimators=100, n_jobs=-1, num_parallel_tree=None,
              objective='binary:logistic', predictor=None, ...), fold=None, round=4, n_iter=10, custom_grid=None, optimize=Accuracy, custom_scorer=None, search_library=scikit-learn, search_algorithm=None, early_stopping=False, early_stopping_max_iters=10, choose_better=False, fit_kwargs=None, groups=None, return_tuner=False, verbose=True, tuner_verbose=True, display=None, return_train_score=False, kwargs={})
2023-04-25 06:17:51,405:INFO:Checking exceptions
2023-04-25 06:17:51,415:INFO:Preparing display monitor
2023-04-25 06:17:51,454:INFO:Copying training dataset
2023-04-25 06:17:51,454:INFO:Checking base model
2023-04-25 06:17:51,454:INFO:Base model : Extreme Gradient Boosting
2023-04-25 06:17:51,476:INFO:Declaring metric variables
2023-04-25 06:17:51,489:INFO:Defining Hyperparameters
2023-04-25 06:17:51,799:INFO:Tuning with n_jobs=-1
2023-04-25 06:17:51,799:INFO:Initializing RandomizedSearchCV
2023-04-25 06:18:21,220:INFO:best_params: {'actual_estimator__subsample': 0.5, 'actual_estimator__scale_pos_weight': 2.1, 'actual_estimator__reg_lambda': 5, 'actual_estimator__reg_alpha': 0.05, 'actual_estimator__n_estimators': 300, 'actual_estimator__min_child_weight': 1, 'actual_estimator__max_depth': 10, 'actual_estimator__learning_rate': 0.0005, 'actual_estimator__colsample_bytree': 1}
2023-04-25 06:18:21,220:INFO:Hyperparameter search completed
2023-04-25 06:18:21,220:INFO:SubProcess create_model() called ==================================
2023-04-25 06:18:21,236:INFO:Initializing create_model()
2023-04-25 06:18:21,236:INFO:create_model(estimator=XGBClassifier(base_score=None, booster='gbtree', callbacks=None,
              colsample_bylevel=None, colsample_bynode=None,
              colsample_bytree=None, early_stopping_rounds=None,
              enable_categorical=False, eval_metric=None, feature_types=None,
              gamma=None, gpu_id=None, grow_policy=None, importance_type=None,
              interaction_constraints=None, learning_rate=None, max_bin=None,
              max_cat_threshold=None, max_cat_to_onehot=None,
              max_delta_step=None, max_depth=None, max_leaves=None,
              min_child_weight=None, missing=nan, monotone_constraints=None,
              n_estimators=100, n_jobs=-1, num_parallel_tree=None,
              objective='binary:logistic', predictor=None, ...), fold=StratifiedKFold(n_splits=10, random_state=None, shuffle=False), round=4, cross_validation=True, predict=True, fit_kwargs={}, groups=None, refit=True, verbose=True, system=False, metrics=None, experiment_custom_tags=None, add_to_model_list=True, probability_threshold=None, display=<pycaret.internal.Display.Display object at 0x000001B71D001400>, return_train_score=False, kwargs={'subsample': 0.5, 'scale_pos_weight': 2.1, 'reg_lambda': 5, 'reg_alpha': 0.05, 'n_estimators': 300, 'min_child_weight': 1, 'max_depth': 10, 'learning_rate': 0.0005, 'colsample_bytree': 1})
2023-04-25 06:18:21,236:INFO:Checking exceptions
2023-04-25 06:18:21,236:INFO:Importing libraries
2023-04-25 06:18:21,248:INFO:Copying training dataset
2023-04-25 06:18:21,254:INFO:Defining folds
2023-04-25 06:18:21,255:INFO:Declaring metric variables
2023-04-25 06:18:21,277:INFO:Importing untrained model
2023-04-25 06:18:21,278:INFO:Declaring custom model
2023-04-25 06:18:21,295:INFO:Extreme Gradient Boosting Imported succesfully
2023-04-25 06:18:21,328:INFO:Starting cross validation
2023-04-25 06:18:21,334:INFO:Cross validating with StratifiedKFold(n_splits=10, random_state=None, shuffle=False), n_jobs=-1
2023-04-25 06:18:27,796:INFO:Calculating mean and std
2023-04-25 06:18:27,799:INFO:Creating metrics dataframe
2023-04-25 06:18:27,820:INFO:Finalizing model
2023-04-25 06:18:28,983:INFO:Uploading results into container
2023-04-25 06:18:28,984:INFO:Uploading model into container now
2023-04-25 06:18:28,984:INFO:create_model_container: 18
2023-04-25 06:18:28,984:INFO:master_model_container: 18
2023-04-25 06:18:28,984:INFO:display_container: 5
2023-04-25 06:18:28,987:INFO:XGBClassifier(base_score=None, booster='gbtree', callbacks=None,
              colsample_bylevel=None, colsample_bynode=None, colsample_bytree=1,
              early_stopping_rounds=None, enable_categorical=False,
              eval_metric=None, feature_types=None, gamma=None, gpu_id=None,
              grow_policy=None, importance_type=None,
              interaction_constraints=None, learning_rate=0.0005, max_bin=None,
              max_cat_threshold=None, max_cat_to_onehot=None,
              max_delta_step=None, max_depth=10, max_leaves=None,
              min_child_weight=1, missing=nan, monotone_constraints=None,
              n_estimators=300, n_jobs=-1, num_parallel_tree=None,
              objective='binary:logistic', predictor=None, ...)
2023-04-25 06:18:28,987:INFO:create_model() succesfully completed......................................
2023-04-25 06:18:29,244:INFO:SubProcess create_model() end ==================================
2023-04-25 06:18:29,260:INFO:create_model_container: 18
2023-04-25 06:18:29,260:INFO:master_model_container: 18
2023-04-25 06:18:29,260:INFO:display_container: 5
2023-04-25 06:18:29,260:INFO:XGBClassifier(base_score=None, booster='gbtree', callbacks=None,
              colsample_bylevel=None, colsample_bynode=None, colsample_bytree=1,
              early_stopping_rounds=None, enable_categorical=False,
              eval_metric=None, feature_types=None, gamma=None, gpu_id=None,
              grow_policy=None, importance_type=None,
              interaction_constraints=None, learning_rate=0.0005, max_bin=None,
              max_cat_threshold=None, max_cat_to_onehot=None,
              max_delta_step=None, max_depth=10, max_leaves=None,
              min_child_weight=1, missing=nan, monotone_constraints=None,
              n_estimators=300, n_jobs=-1, num_parallel_tree=None,
              objective='binary:logistic', predictor=None, ...)
2023-04-25 06:18:29,265:INFO:tune_model() succesfully completed......................................
2023-04-25 06:19:51,024:INFO:Initializing plot_model()
2023-04-25 06:19:51,026:INFO:plot_model(fold=None, use_train_data=False, verbose=True, is_in_evaluate=False, display=None, display_format=None, estimator=XGBClassifier(base_score=None, booster='gbtree', callbacks=None,
              colsample_bylevel=None, colsample_bynode=None, colsample_bytree=1,
              early_stopping_rounds=None, enable_categorical=False,
              eval_metric=None, feature_types=None, gamma=None, gpu_id=None,
              grow_policy=None, importance_type=None,
              interaction_constraints=None, learning_rate=0.0005, max_bin=None,
              max_cat_threshold=None, max_cat_to_onehot=None,
              max_delta_step=None, max_depth=10, max_leaves=None,
              min_child_weight=1, missing=nan, monotone_constraints=None,
              n_estimators=300, n_jobs=-1, num_parallel_tree=None,
              objective='binary:logistic', predictor=None, ...), feature_name=None, fit_kwargs=None, groups=None, label=False, plot=auc, plot_kwargs=None, save=False, scale=1, system=True)
2023-04-25 06:19:51,026:INFO:Checking exceptions
2023-04-25 06:19:51,058:INFO:Preparing display monitor
2023-04-25 06:19:51,086:INFO:Preloading libraries
2023-04-25 06:19:51,135:INFO:Copying training dataset
2023-04-25 06:19:51,139:INFO:Copying test dataset
2023-04-25 06:19:51,140:INFO:Plot type: auc
2023-04-25 06:19:51,155:INFO:Initializing get_config()
2023-04-25 06:19:51,155:INFO:get_config(variable=prep_pipe)
2023-04-25 06:19:51,167:INFO:Global variable: prep_pipe returned as Pipeline(memory=None,
         steps=[('dtypes',
                 DataTypes_Auto_infer(categorical_features=[],
                                      display_types=True, features_todrop=[],
                                      id_columns=[],
                                      ml_usecase='classification',
                                      numerical_features=[], target='Bad91d+=1',
                                      time_features=[])),
                ('imputer',
                 Simple_Imputer(categorical_strategy='not_available',
                                fill_value_categorical=None,
                                fill_value_numerical=None,
                                numeric_st...
                ('scaling', 'passthrough'), ('P_transform', 'passthrough'),
                ('binn', 'passthrough'), ('rem_outliers', 'passthrough'),
                ('cluster_all', 'passthrough'),
                ('dummy', Dummify(target='Bad91d+=1')),
                ('fix_perfect', Remove_100(target='Bad91d+=1')),
                ('clean_names', Clean_Colum_Names()),
                ('feature_select', 'passthrough'), ('fix_multi', 'passthrough'),
                ('dfs', 'passthrough'), ('pca', 'passthrough')],
         verbose=False)
2023-04-25 06:19:51,168:INFO:get_config() succesfully completed......................................
2023-04-25 06:19:51,319:INFO:Fitting Model
2023-04-25 06:19:51,333:INFO:Scoring test/hold-out set
2023-04-25 06:19:51,861:INFO:Visual Rendered Successfully
2023-04-25 06:19:52,143:INFO:plot_model() succesfully completed......................................
2023-04-25 07:18:00,026:INFO:Initializing plot_model()
2023-04-25 07:18:00,027:INFO:plot_model(fold=None, use_train_data=False, verbose=True, is_in_evaluate=False, display=None, display_format=None, estimator=XGBClassifier(base_score=None, booster='gbtree', callbacks=None,
              colsample_bylevel=None, colsample_bynode=None, colsample_bytree=1,
              early_stopping_rounds=None, enable_categorical=False,
              eval_metric=None, feature_types=None, gamma=None, gpu_id=None,
              grow_policy=None, importance_type=None,
              interaction_constraints=None, learning_rate=0.0005, max_bin=None,
              max_cat_threshold=None, max_cat_to_onehot=None,
              max_delta_step=None, max_depth=10, max_leaves=None,
              min_child_weight=1, missing=nan, monotone_constraints=None,
              n_estimators=300, n_jobs=-1, num_parallel_tree=None,
              objective='binary:logistic', predictor=None, ...), feature_name=None, fit_kwargs=None, groups=None, label=False, plot=auc, plot_kwargs=None, save=False, scale=1, system=True)
2023-04-25 07:18:00,027:INFO:Checking exceptions
2023-04-25 07:18:00,050:INFO:Preparing display monitor
2023-04-25 07:18:00,074:INFO:Preloading libraries
2023-04-25 07:18:00,129:INFO:Copying training dataset
2023-04-25 07:18:00,133:INFO:Copying test dataset
2023-04-25 07:18:00,134:INFO:Plot type: auc
2023-04-25 07:18:00,147:INFO:Initializing get_config()
2023-04-25 07:18:00,147:INFO:get_config(variable=prep_pipe)
2023-04-25 07:18:00,158:INFO:Global variable: prep_pipe returned as Pipeline(memory=None,
         steps=[('dtypes',
                 DataTypes_Auto_infer(categorical_features=[],
                                      display_types=True, features_todrop=[],
                                      id_columns=[],
                                      ml_usecase='classification',
                                      numerical_features=[], target='Bad91d+=1',
                                      time_features=[])),
                ('imputer',
                 Simple_Imputer(categorical_strategy='not_available',
                                fill_value_categorical=None,
                                fill_value_numerical=None,
                                numeric_st...
                ('scaling', 'passthrough'), ('P_transform', 'passthrough'),
                ('binn', 'passthrough'), ('rem_outliers', 'passthrough'),
                ('cluster_all', 'passthrough'),
                ('dummy', Dummify(target='Bad91d+=1')),
                ('fix_perfect', Remove_100(target='Bad91d+=1')),
                ('clean_names', Clean_Colum_Names()),
                ('feature_select', 'passthrough'), ('fix_multi', 'passthrough'),
                ('dfs', 'passthrough'), ('pca', 'passthrough')],
         verbose=False)
2023-04-25 07:18:00,158:INFO:get_config() succesfully completed......................................
2023-04-25 07:18:00,189:INFO:Fitting Model
2023-04-25 07:18:00,189:INFO:Scoring test/hold-out set
2023-04-25 07:18:00,573:INFO:Visual Rendered Successfully
2023-04-25 07:18:00,893:INFO:plot_model() succesfully completed......................................
2023-04-25 07:19:13,991:INFO:Initializing plot_model()
2023-04-25 07:19:13,991:INFO:plot_model(fold=None, use_train_data=False, verbose=True, is_in_evaluate=False, display=None, display_format=None, estimator=XGBClassifier(base_score=None, booster='gbtree', callbacks=None,
              colsample_bylevel=None, colsample_bynode=None, colsample_bytree=1,
              early_stopping_rounds=None, enable_categorical=False,
              eval_metric=None, feature_types=None, gamma=None, gpu_id=None,
              grow_policy=None, importance_type=None,
              interaction_constraints=None, learning_rate=0.0005, max_bin=None,
              max_cat_threshold=None, max_cat_to_onehot=None,
              max_delta_step=None, max_depth=10, max_leaves=None,
              min_child_weight=1, missing=nan, monotone_constraints=None,
              n_estimators=300, n_jobs=-1, num_parallel_tree=None,
              objective='binary:logistic', predictor=None, ...), feature_name=None, fit_kwargs=None, groups=None, label=False, plot=feature, plot_kwargs=None, save=False, scale=1, system=True)
2023-04-25 07:19:13,992:INFO:Checking exceptions
2023-04-25 07:19:14,010:INFO:Preparing display monitor
2023-04-25 07:19:14,024:INFO:Preloading libraries
2023-04-25 07:19:14,076:INFO:Copying training dataset
2023-04-25 07:19:14,080:INFO:Copying test dataset
2023-04-25 07:19:14,081:INFO:Plot type: feature
2023-04-25 07:19:14,094:WARNING:No coef_ found. Trying feature_importances_
2023-04-25 07:19:14,423:INFO:Visual Rendered Successfully
2023-04-25 07:19:14,718:INFO:plot_model() succesfully completed......................................
2023-04-25 07:20:45,592:INFO:Initializing plot_model()
2023-04-25 07:20:45,593:INFO:plot_model(fold=None, use_train_data=False, verbose=True, is_in_evaluate=False, display=None, display_format=None, estimator=XGBClassifier(base_score=None, booster='gbtree', callbacks=None,
              colsample_bylevel=None, colsample_bynode=None, colsample_bytree=1,
              early_stopping_rounds=None, enable_categorical=False,
              eval_metric=None, feature_types=None, gamma=None, gpu_id=None,
              grow_policy=None, importance_type=None,
              interaction_constraints=None, learning_rate=0.0005, max_bin=None,
              max_cat_threshold=None, max_cat_to_onehot=None,
              max_delta_step=None, max_depth=10, max_leaves=None,
              min_child_weight=1, missing=nan, monotone_constraints=None,
              n_estimators=300, n_jobs=-1, num_parallel_tree=None,
              objective='binary:logistic', predictor=None, ...), feature_name=None, fit_kwargs=None, groups=None, label=False, plot=feature, plot_kwargs=None, save=False, scale=1, system=True)
2023-04-25 07:20:45,593:INFO:Checking exceptions
2023-04-25 07:20:45,607:INFO:Preparing display monitor
2023-04-25 07:20:45,626:INFO:Preloading libraries
2023-04-25 07:20:45,667:INFO:Copying training dataset
2023-04-25 07:20:45,669:INFO:Copying test dataset
2023-04-25 07:20:45,670:INFO:Plot type: feature
2023-04-25 07:20:45,683:WARNING:No coef_ found. Trying feature_importances_
2023-04-25 07:20:45,988:INFO:Visual Rendered Successfully
2023-04-25 07:20:46,142:INFO:plot_model() succesfully completed......................................
2023-04-25 07:24:42,152:INFO:Initializing plot_model()
2023-04-25 07:24:42,153:INFO:plot_model(fold=None, use_train_data=False, verbose=True, is_in_evaluate=False, display=None, display_format=None, estimator=XGBClassifier(base_score=None, booster='gbtree', callbacks=None,
              colsample_bylevel=None, colsample_bynode=None, colsample_bytree=1,
              early_stopping_rounds=None, enable_categorical=False,
              eval_metric=None, feature_types=None, gamma=None, gpu_id=None,
              grow_policy=None, importance_type=None,
              interaction_constraints=None, learning_rate=0.0005, max_bin=None,
              max_cat_threshold=None, max_cat_to_onehot=None,
              max_delta_step=None, max_depth=10, max_leaves=None,
              min_child_weight=1, missing=nan, monotone_constraints=None,
              n_estimators=300, n_jobs=-1, num_parallel_tree=None,
              objective='binary:logistic', predictor=None, ...), feature_name=None, fit_kwargs=None, groups=None, label=False, plot=confusion_matrix, plot_kwargs=None, save=False, scale=1, system=True)
2023-04-25 07:24:42,155:INFO:Checking exceptions
2023-04-25 07:24:42,173:INFO:Preparing display monitor
2023-04-25 07:24:42,188:INFO:Preloading libraries
2023-04-25 07:24:42,238:INFO:Copying training dataset
2023-04-25 07:24:42,243:INFO:Copying test dataset
2023-04-25 07:24:42,244:INFO:Plot type: confusion_matrix
2023-04-25 07:24:42,257:INFO:Initializing get_config()
2023-04-25 07:24:42,257:INFO:get_config(variable=prep_pipe)
2023-04-25 07:24:42,273:INFO:Global variable: prep_pipe returned as Pipeline(memory=None,
         steps=[('dtypes',
                 DataTypes_Auto_infer(categorical_features=[],
                                      display_types=True, features_todrop=[],
                                      id_columns=[],
                                      ml_usecase='classification',
                                      numerical_features=[], target='Bad91d+=1',
                                      time_features=[])),
                ('imputer',
                 Simple_Imputer(categorical_strategy='not_available',
                                fill_value_categorical=None,
                                fill_value_numerical=None,
                                numeric_st...
                ('scaling', 'passthrough'), ('P_transform', 'passthrough'),
                ('binn', 'passthrough'), ('rem_outliers', 'passthrough'),
                ('cluster_all', 'passthrough'),
                ('dummy', Dummify(target='Bad91d+=1')),
                ('fix_perfect', Remove_100(target='Bad91d+=1')),
                ('clean_names', Clean_Colum_Names()),
                ('feature_select', 'passthrough'), ('fix_multi', 'passthrough'),
                ('dfs', 'passthrough'), ('pca', 'passthrough')],
         verbose=False)
2023-04-25 07:24:42,273:INFO:get_config() succesfully completed......................................
2023-04-25 07:24:42,312:INFO:Fitting Model
2023-04-25 07:24:42,315:INFO:Scoring test/hold-out set
2023-04-25 07:24:42,566:INFO:Visual Rendered Successfully
2023-04-25 07:24:42,842:INFO:plot_model() succesfully completed......................................
2023-04-25 07:37:49,869:INFO:Initializing plot_model()
2023-04-25 07:37:49,870:INFO:plot_model(fold=None, use_train_data=False, verbose=True, is_in_evaluate=False, display=None, display_format=None, estimator=XGBClassifier(base_score=None, booster='gbtree', callbacks=None,
              colsample_bylevel=None, colsample_bynode=None, colsample_bytree=1,
              early_stopping_rounds=None, enable_categorical=False,
              eval_metric=None, feature_types=None, gamma=None, gpu_id=None,
              grow_policy=None, importance_type=None,
              interaction_constraints=None, learning_rate=0.0005, max_bin=None,
              max_cat_threshold=None, max_cat_to_onehot=None,
              max_delta_step=None, max_depth=10, max_leaves=None,
              min_child_weight=1, missing=nan, monotone_constraints=None,
              n_estimators=300, n_jobs=-1, num_parallel_tree=None,
              objective='binary:logistic', predictor=None, ...), feature_name=None, fit_kwargs=None, groups=None, label=False, plot=boundary, plot_kwargs=None, save=False, scale=1, system=True)
2023-04-25 07:37:49,870:INFO:Checking exceptions
2023-04-25 07:37:49,890:INFO:Preparing display monitor
2023-04-25 07:37:49,908:INFO:Preloading libraries
2023-04-25 07:37:49,945:INFO:Copying training dataset
2023-04-25 07:37:49,949:INFO:Copying test dataset
2023-04-25 07:37:49,950:INFO:Plot type: boundary
2023-04-25 07:37:49,975:INFO:Fitting StandardScaler()
2023-04-25 07:37:49,997:INFO:Fitting PCA()
2023-04-25 07:37:50,079:INFO:Initializing get_config()
2023-04-25 07:37:50,079:INFO:get_config(variable=prep_pipe)
2023-04-25 07:37:50,079:INFO:Global variable: prep_pipe returned as Pipeline(memory=None,
         steps=[('dtypes',
                 DataTypes_Auto_infer(categorical_features=[],
                                      display_types=True, features_todrop=[],
                                      id_columns=[],
                                      ml_usecase='classification',
                                      numerical_features=[], target='Bad91d+=1',
                                      time_features=[])),
                ('imputer',
                 Simple_Imputer(categorical_strategy='not_available',
                                fill_value_categorical=None,
                                fill_value_numerical=None,
                                numeric_st...
                ('scaling', 'passthrough'), ('P_transform', 'passthrough'),
                ('binn', 'passthrough'), ('rem_outliers', 'passthrough'),
                ('cluster_all', 'passthrough'),
                ('dummy', Dummify(target='Bad91d+=1')),
                ('fix_perfect', Remove_100(target='Bad91d+=1')),
                ('clean_names', Clean_Colum_Names()),
                ('feature_select', 'passthrough'), ('fix_multi', 'passthrough'),
                ('dfs', 'passthrough'), ('pca', 'passthrough')],
         verbose=False)
2023-04-25 07:37:50,079:INFO:get_config() succesfully completed......................................
2023-04-25 07:37:50,111:INFO:Fitting Model
2023-04-25 07:37:53,909:INFO:Visual Rendered Successfully
2023-04-25 07:37:54,079:INFO:plot_model() succesfully completed......................................
2023-04-25 07:45:12,655:INFO:Initializing predict_model()
2023-04-25 07:45:12,656:INFO:predict_model(estimator=XGBClassifier(base_score=None, booster='gbtree', callbacks=None,
              colsample_bylevel=None, colsample_bynode=None, colsample_bytree=1,
              early_stopping_rounds=None, enable_categorical=False,
              eval_metric=None, feature_types=None, gamma=None, gpu_id=None,
              grow_policy=None, importance_type=None,
              interaction_constraints=None, learning_rate=0.0005, max_bin=None,
              max_cat_threshold=None, max_cat_to_onehot=None,
              max_delta_step=None, max_depth=10, max_leaves=None,
              min_child_weight=1, missing=nan, monotone_constraints=None,
              n_estimators=300, n_jobs=-1, num_parallel_tree=None,
              objective='binary:logistic', predictor=None, ...), probability_threshold=None, encoded_labels=False, drift_report=False, raw_score=False, round=4, verbose=True, ml_usecase=MLUsecase.CLASSIFICATION, display=None, drift_kwargs=None)
2023-04-25 07:45:12,656:INFO:Checking exceptions
2023-04-25 07:45:12,657:INFO:Preloading libraries
2023-04-25 07:45:12,658:INFO:Preparing display monitor
2023-04-25 07:48:08,848:INFO:Initializing finalize_model()
2023-04-25 07:48:08,848:INFO:finalize_model(estimator=XGBClassifier(base_score=None, booster='gbtree', callbacks=None,
              colsample_bylevel=None, colsample_bynode=None, colsample_bytree=1,
              early_stopping_rounds=None, enable_categorical=False,
              eval_metric=None, feature_types=None, gamma=None, gpu_id=None,
              grow_policy=None, importance_type=None,
              interaction_constraints=None, learning_rate=0.0005, max_bin=None,
              max_cat_threshold=None, max_cat_to_onehot=None,
              max_delta_step=None, max_depth=10, max_leaves=None,
              min_child_weight=1, missing=nan, monotone_constraints=None,
              n_estimators=300, n_jobs=-1, num_parallel_tree=None,
              objective='binary:logistic', predictor=None, ...), fit_kwargs=None, groups=None, model_only=True, display=None, experiment_custom_tags=None, return_train_score=False)
2023-04-25 07:48:08,853:INFO:Finalizing XGBClassifier(base_score=None, booster='gbtree', callbacks=None,
              colsample_bylevel=None, colsample_bynode=None, colsample_bytree=1,
              early_stopping_rounds=None, enable_categorical=False,
              eval_metric=None, feature_types=None, gamma=None, gpu_id=None,
              grow_policy=None, importance_type=None,
              interaction_constraints=None, learning_rate=0.0005, max_bin=None,
              max_cat_threshold=None, max_cat_to_onehot=None,
              max_delta_step=None, max_depth=10, max_leaves=None,
              min_child_weight=1, missing=nan, monotone_constraints=None,
              n_estimators=300, n_jobs=-1, num_parallel_tree=None,
              objective='binary:logistic', predictor=None, ...)
2023-04-25 07:48:08,854:INFO:Initializing create_model()
2023-04-25 07:48:08,854:INFO:create_model(estimator=XGBClassifier(base_score=None, booster='gbtree', callbacks=None,
              colsample_bylevel=None, colsample_bynode=None, colsample_bytree=1,
              early_stopping_rounds=None, enable_categorical=False,
              eval_metric=None, feature_types=None, gamma=None, gpu_id=None,
              grow_policy=None, importance_type=None,
              interaction_constraints=None, learning_rate=0.0005, max_bin=None,
              max_cat_threshold=None, max_cat_to_onehot=None,
              max_delta_step=None, max_depth=10, max_leaves=None,
              min_child_weight=1, missing=nan, monotone_constraints=None,
              n_estimators=300, n_jobs=-1, num_parallel_tree=None,
              objective='binary:logistic', predictor=None, ...), fold=None, round=4, cross_validation=True, predict=True, fit_kwargs={}, groups=None, refit=True, verbose=False, system=False, metrics=None, experiment_custom_tags=None, add_to_model_list=False, probability_threshold=None, display=None, return_train_score=False, kwargs={})
2023-04-25 07:48:08,855:INFO:Checking exceptions
2023-04-25 07:48:08,855:INFO:Importing libraries
2023-04-25 07:48:08,855:INFO:Copying training dataset
2023-04-25 07:48:08,864:INFO:Defining folds
2023-04-25 07:48:08,864:INFO:Declaring metric variables
2023-04-25 07:48:08,864:INFO:Importing untrained model
2023-04-25 07:48:08,864:INFO:Declaring custom model
2023-04-25 07:48:08,868:INFO:Extreme Gradient Boosting Imported succesfully
2023-04-25 07:48:08,869:INFO:Starting cross validation
2023-04-25 07:48:08,872:INFO:Cross validating with StratifiedKFold(n_splits=10, random_state=None, shuffle=False), n_jobs=-1
2023-04-25 07:48:24,064:INFO:Calculating mean and std
2023-04-25 07:48:24,080:INFO:Creating metrics dataframe
2023-04-25 07:48:24,080:INFO:Finalizing model
2023-04-25 07:48:25,361:INFO:create_model_container: 18
2023-04-25 07:48:25,361:INFO:master_model_container: 18
2023-04-25 07:48:25,361:INFO:display_container: 7
2023-04-25 07:48:25,361:INFO:XGBClassifier(base_score=None, booster='gbtree', callbacks=None,
              colsample_bylevel=None, colsample_bynode=None, colsample_bytree=1,
              early_stopping_rounds=None, enable_categorical=False,
              eval_metric=None, feature_types=None, gamma=None, gpu_id=None,
              grow_policy=None, importance_type=None,
              interaction_constraints=None, learning_rate=0.0005, max_bin=None,
              max_cat_threshold=None, max_cat_to_onehot=None,
              max_delta_step=None, max_depth=10, max_leaves=None,
              min_child_weight=1, missing=nan, monotone_constraints=None,
              n_estimators=300, n_jobs=-1, num_parallel_tree=None,
              objective='binary:logistic', predictor=None, ...)
2023-04-25 07:48:25,361:INFO:create_model() succesfully completed......................................
2023-04-25 07:48:25,581:INFO:create_model_container: 18
2023-04-25 07:48:25,581:INFO:master_model_container: 18
2023-04-25 07:48:25,581:INFO:display_container: 6
2023-04-25 07:48:25,581:INFO:XGBClassifier(base_score=None, booster='gbtree', callbacks=None,
              colsample_bylevel=None, colsample_bynode=None, colsample_bytree=1,
              early_stopping_rounds=None, enable_categorical=False,
              eval_metric=None, feature_types=None, gamma=None, gpu_id=None,
              grow_policy=None, importance_type=None,
              interaction_constraints=None, learning_rate=0.0005, max_bin=None,
              max_cat_threshold=None, max_cat_to_onehot=None,
              max_delta_step=None, max_depth=10, max_leaves=None,
              min_child_weight=1, missing=nan, monotone_constraints=None,
              n_estimators=300, n_jobs=-1, num_parallel_tree=None,
              objective='binary:logistic', predictor=None, ...)
2023-04-25 07:48:25,581:INFO:finalize_model() succesfully completed......................................
2023-04-25 07:50:03,857:INFO:Initializing save_model()
2023-04-25 07:50:03,858:INFO:save_model(model=XGBClassifier(base_score=None, booster='gbtree', callbacks=None,
              colsample_bylevel=None, colsample_bynode=None, colsample_bytree=1,
              early_stopping_rounds=None, enable_categorical=False,
              eval_metric=None, feature_types=None, gamma=None, gpu_id=None,
              grow_policy=None, importance_type=None,
              interaction_constraints=None, learning_rate=0.0005, max_bin=None,
              max_cat_threshold=None, max_cat_to_onehot=None,
              max_delta_step=None, max_depth=10, max_leaves=None,
              min_child_weight=1, missing=nan, monotone_constraints=None,
              n_estimators=300, n_jobs=-1, num_parallel_tree=None,
              objective='binary:logistic', predictor=None, ...), model_name=Final_Model_xgboost, prep_pipe_=Pipeline(memory=None,
         steps=[('dtypes',
                 DataTypes_Auto_infer(categorical_features=[],
                                      display_types=True, features_todrop=[],
                                      id_columns=[],
                                      ml_usecase='classification',
                                      numerical_features=[], target='Bad91d+=1',
                                      time_features=[])),
                ('imputer',
                 Simple_Imputer(categorical_strategy='not_available',
                                fill_value_categorical=None,
                                fill_value_numerical=None,
                                numeric_st...
                ('scaling', 'passthrough'), ('P_transform', 'passthrough'),
                ('binn', 'passthrough'), ('rem_outliers', 'passthrough'),
                ('cluster_all', 'passthrough'),
                ('dummy', Dummify(target='Bad91d+=1')),
                ('fix_perfect', Remove_100(target='Bad91d+=1')),
                ('clean_names', Clean_Colum_Names()),
                ('feature_select', 'passthrough'), ('fix_multi', 'passthrough'),
                ('dfs', 'passthrough'), ('pca', 'passthrough')],
         verbose=False), verbose=True, kwargs={})
2023-04-25 07:50:03,858:INFO:Adding model into prep_pipe
2023-04-25 07:50:03,923:INFO:Final_Model_xgboost.pkl saved in current working directory
2023-04-25 07:50:03,938:INFO:Pipeline(memory=None,
         steps=[('dtypes',
                 DataTypes_Auto_infer(categorical_features=[],
                                      display_types=True, features_todrop=[],
                                      id_columns=[],
                                      ml_usecase='classification',
                                      numerical_features=[], target='Bad91d+=1',
                                      time_features=[])),
                ('imputer',
                 Simple_Imputer(categorical_strategy='not_available',
                                fill_value_categorical=None,
                                fill_value_numerical=None,
                                numeric_st...
                               grow_policy=None, importance_type=None,
                               interaction_constraints=None,
                               learning_rate=0.0005, max_bin=None,
                               max_cat_threshold=None, max_cat_to_onehot=None,
                               max_delta_step=None, max_depth=10,
                               max_leaves=None, min_child_weight=1, missing=nan,
                               monotone_constraints=None, n_estimators=300,
                               n_jobs=-1, num_parallel_tree=None,
                               objective='binary:logistic', predictor=None, ...)]],
         verbose=False)
2023-04-25 07:50:03,938:INFO:save_model() successfully completed......................................
